1614842356.7097661090 Thu 04 Mar 2021 09:19:16 AM EET ./wp-admin/admin-header.php
1614842356.7097661090 Thu 04 Mar 2021 09:19:16 AM EET ./wp-admin/options-head.php
1614842356.7137662460 Thu 04 Mar 2021 09:19:16 AM EET ./index.php
1614842356.7137662460 Thu 04 Mar 2021 09:19:16 AM EET ./wp-admin/admin-footer.php
1614842356.7137662460 Thu 04 Mar 2021 09:19:16 AM EET ./wp-admin/custom-header.php
1614842356.7137662460 Thu 04 Mar 2021 09:19:16 AM EET ./wp-admin/includes/class-custom-image-header.php
1614842356.7137662460 Thu 04 Mar 2021 09:19:16 AM EET ./wp-admin/index.php
1614842356.7137662460 Thu 04 Mar 2021 09:19:16 AM EET ./wp-admin/menu-header.php
1614842356.7137662460 Thu 04 Mar 2021 09:19:16 AM EET ./wp-admin/network/index.php
1614842356.7137662460 Thu 04 Mar 2021 09:19:16 AM EET ./wp-admin/user/index.php
1614842356.7137662460 Thu 04 Mar 2021 09:19:16 AM EET ./wp-blog-header.php
1614842356.7137662460 Thu 04 Mar 2021 09:19:16 AM EET ./wp-includes/theme-compat/header-embed.php
1614842356.7177663840 Thu 04 Mar 2021 09:19:16 AM EET ./wp-content/cache/asset-cleanup/css/logged-in/index.php
1614842356.7177663840 Thu 04 Mar 2021 09:19:16 AM EET ./wp-content/cache/asset-cleanup/index.php
1614842356.7177663840 Thu 04 Mar 2021 09:19:16 AM EET ./wp-content/cache/asset-cleanup/js/index.php
1614842356.7177663840 Thu 04 Mar 2021 09:19:16 AM EET ./wp-content/cache/asset-cleanup/js/logged-in/index.php
1614842356.7177663840 Thu 04 Mar 2021 09:19:16 AM EET ./wp-content/index.php
1614842356.7177663840 Thu 04 Mar 2021 09:19:16 AM EET ./wp-includes/block-patterns/heading-paragraph.php
1614842356.7177663840 Thu 04 Mar 2021 09:19:16 AM EET ./wp-includes/block-patterns/large-header-button.php
1614842356.7177663840 Thu 04 Mar 2021 09:19:16 AM EET ./wp-includes/block-patterns/large-header.php
1614842356.7177663840 Thu 04 Mar 2021 09:19:16 AM EET ./wp-includes/blocks/index.php
1614842356.7177663840 Thu 04 Mar 2021 09:19:16 AM EET ./wp-includes/customize/class-wp-customize-header-image-control.php
1614842356.7177663840 Thu 04 Mar 2021 09:19:16 AM EET ./wp-includes/customize/class-wp-customize-header-image-setting.php
1614842356.7177663840 Thu 04 Mar 2021 09:19:16 AM EET ./wp-includes/sitemaps/class-wp-sitemaps-index.php
1614842356.7177663840 Thu 04 Mar 2021 09:19:16 AM EET ./wp-includes/theme-compat/footer-embed.php
1614842356.7177663840 Thu 04 Mar 2021 09:19:16 AM EET ./wp-includes/theme-compat/footer.php
1614842356.7177663840 Thu 04 Mar 2021 09:19:16 AM EET ./wp-includes/theme-compat/header.php
1614842356.7217665210 Thu 04 Mar 2021 09:19:16 AM EET ./wp-content/ai1wm-backups/index.php
1614842356.7217665210 Thu 04 Mar 2021 09:19:16 AM EET ./wp-content/backup-db/index.php
1614842356.7217665210 Thu 04 Mar 2021 09:19:16 AM EET ./wp-content/cache/asset-cleanup/css/index.php
1614842356.7217665210 Thu 04 Mar 2021 09:19:16 AM EET ./wp-content/themes/Divi/footer.php
1614842356.7217665210 Thu 04 Mar 2021 09:19:16 AM EET ./wp-content/themes/Divi/header.php
1614842356.7217665210 Thu 04 Mar 2021 09:19:16 AM EET ./wp-content/themes/Divi/includes/builder/frontend-builder/theme-builder/frontend-footer-template.php
1614842356.7217665210 Thu 04 Mar 2021 09:19:16 AM EET ./wp-content/themes/Divi/includes/builder/frontend-builder/theme-builder/frontend-header-template.php
1614842356.7217665210 Thu 04 Mar 2021 09:19:16 AM EET ./wp-content/themes/Divi/index.php
1614842356.7217665210 Thu 04 Mar 2021 09:19:16 AM EET ./wp-content/themes/Divi/theme-after-footer.php
1614842356.7217665210 Thu 04 Mar 2021 09:19:16 AM EET ./wp-content/themes/Divi/theme-after-header.php
1614842356.7217665210 Thu 04 Mar 2021 09:19:16 AM EET ./wp-content/themes/Divi/theme-footer.php
1614842356.7257666580 Thu 04 Mar 2021 09:19:16 AM EET ./wp-content/themes/Divi-child/header.php
1614842356.7257666580 Thu 04 Mar 2021 09:19:16 AM EET ./wp-content/themes/Divi/sidebar-footer.php
1614842356.7257666580 Thu 04 Mar 2021 09:19:16 AM EET ./wp-content/themes/Divi/theme-header.php
1614842356.7257666580 Thu 04 Mar 2021 09:19:16 AM EET ./wp-content/themes/index.php
1614842356.7257666580 Thu 04 Mar 2021 09:19:16 AM EET ./wp-content/themes/twentynineteen/footer.php
1614842356.7257666580 Thu 04 Mar 2021 09:19:16 AM EET ./wp-content/themes/twentynineteen/header.php
1614842356.7257666580 Thu 04 Mar 2021 09:19:16 AM EET ./wp-content/themes/twentynineteen/index.php
1614842356.7257666580 Thu 04 Mar 2021 09:19:16 AM EET ./wp-content/themes/twentynineteen/template-parts/footer/footer-widgets.php
1614842356.7257666580 Thu 04 Mar 2021 09:19:16 AM EET ./wp-content/themes/twentynineteen/template-parts/header/entry-header.php
1614842356.7257666580 Thu 04 Mar 2021 09:19:16 AM EET ./wp-content/themes/twentytwenty/footer.php
1614842356.7257666580 Thu 04 Mar 2021 09:19:16 AM EET ./wp-content/themes/twentytwenty/header.php
1614842356.7257666580 Thu 04 Mar 2021 09:19:16 AM EET ./wp-content/themes/twentytwenty/index.php
